<?xml version="1.0" encoding="UTF-8"?>
<testsuite name="com.example.pnc_insurance.PncInsuranceApplicationTests" tests="1" skipped="0" failures="0" errors="0" timestamp="2026-04-23T10:15:30.020Z" hostname="VSP-5CD4476NCY" time="24.159">
  <properties/>
  <testcase name="contextLoads()" classname="com.example.pnc_insurance.PncInsuranceApplicationTests" time="1.711"/>
  <system-out><![CDATA[15:45:30.871 [Test worker] INFO org.springframework.test.context.support.AnnotationConfigContextLoaderUtils -- Could not detect default configuration classes for test class [com.example.pnc_insurance.PncInsuranceApplicationTests]: PncInsuranceApplicationTests does not declare any static, non-private, non-final, nested classes annotated with @Configuration.
15:45:31.367 [Test worker] INFO org.springframework.boot.test.context.SpringBootTestContextBootstrapper -- Found @SpringBootConfiguration com.example.pnc_insurance.PncInsuranceApplication for test class com.example.pnc_insurance.PncInsuranceApplicationTests
15:45:31.926 [Test worker] INFO org.springframework.test.context.support.AnnotationConfigContextLoaderUtils -- Could not detect default configuration classes for test class [com.example.pnc_insurance.PncInsuranceApplicationTests]: PncInsuranceApplicationTests does not declare any static, non-private, non-final, nested classes annotated with @Configuration.
15:45:31.932 [Test worker] INFO org.springframework.boot.test.context.SpringBootTestContextBootstrapper -- Found @SpringBootConfiguration com.example.pnc_insurance.PncInsuranceApplication for test class com.example.pnc_insurance.PncInsuranceApplicationTests

  .   ____          _            __ _ _
 /\\ / ___'_ __ _ _(_)_ __  __ _ \ \ \ \
( ( )\___ | '_ | '_| | '_ \/ _` | \ \ \ \
 \\/  ___)| |_)| | | | | || (_| |  ) ) ) )
  '  |____| .__|_| |_|_| |_\__, | / / / /
 =========|_|==============|___/=/_/_/_/

 :: Spring Boot ::                (v4.0.5)

2026-04-23T15:45:33.502+05:30  INFO 33448 --- [pnc_insurance] [    Test worker] c.e.p.PncInsuranceApplicationTests       : Starting PncInsuranceApplicationTests using Java 17.0.12 with PID 33448 (started by SabirShaik in C:\Users\SabirShaik\slide_insurance_projects\pnc_insurance\pnc_insurance)
2026-04-23T15:45:33.508+05:30  INFO 33448 --- [pnc_insurance] [    Test worker] c.e.p.PncInsuranceApplicationTests       : No active profile set, falling back to 1 default profile: "default"
2026-04-23T15:45:36.662+05:30  INFO 33448 --- [pnc_insurance] [    Test worker] .s.d.r.c.RepositoryConfigurationDelegate : Bootstrapping Spring Data JPA repositories in DEFAULT mode.
2026-04-23T15:45:37.038+05:30  INFO 33448 --- [pnc_insurance] [    Test worker] .s.d.r.c.RepositoryConfigurationDelegate : Finished Spring Data repository scanning in 328 ms. Found 6 JPA repository interfaces.
2026-04-23T15:45:39.730+05:30  INFO 33448 --- [pnc_insurance] [    Test worker] org.hibernate.orm.jpa                    : HHH008540: Processing PersistenceUnitInfo [name: default]
2026-04-23T15:45:40.044+05:30  INFO 33448 --- [pnc_insurance] [    Test worker] org.hibernate.orm.core                   : HHH000001: Hibernate ORM core version 7.2.7.Final
2026-04-23T15:45:42.473+05:30  INFO 33448 --- [pnc_insurance] [    Test worker] o.s.o.j.p.SpringPersistenceUnitInfo      : No LoadTimeWeaver setup: ignoring JPA class transformer
2026-04-23T15:45:42.559+05:30  INFO 33448 --- [pnc_insurance] [    Test worker] com.zaxxer.hikari.HikariDataSource       : HikariPool-1 - Starting...
2026-04-23T15:45:43.565+05:30  INFO 33448 --- [pnc_insurance] [    Test worker] com.zaxxer.hikari.pool.HikariPool        : HikariPool-1 - Added connection org.postgresql.jdbc.PgConnection@6d87253e
2026-04-23T15:45:43.568+05:30  INFO 33448 --- [pnc_insurance] [    Test worker] com.zaxxer.hikari.HikariDataSource       : HikariPool-1 - Start completed.
2026-04-23T15:45:43.622+05:30  WARN 33448 --- [pnc_insurance] [    Test worker] org.hibernate.orm.deprecation            : HHH90000025: PostgreSQLDialect does not need to be specified explicitly using 'hibernate.dialect' (remove the property setting and it will be selected by default)
2026-04-23T15:45:43.681+05:30  INFO 33448 --- [pnc_insurance] [    Test worker] org.hibernate.orm.connections.pooling    : HHH10001005: Database info:
	Database JDBC URL [jdbc:postgresql://localhost:5432/vm-tsc-slide-deck]
	Database driver: PostgreSQL JDBC Driver
	Database dialect: PostgreSQLDialect
	Database version: 18.3
	Default catalog/schema: vm-tsc-slide-deck/public
	Autocommit mode: undefined/unknown
	Isolation level: READ_COMMITTED [default READ_COMMITTED]
	JDBC fetch size: none
	Pool: DataSourceConnectionProvider
	Minimum pool size: undefined/unknown
	Maximum pool size: undefined/unknown
2026-04-23T15:45:46.224+05:30  INFO 33448 --- [pnc_insurance] [    Test worker] org.hibernate.orm.core                   : HHH000489: No JTA platform available (set 'hibernate.transaction.jta.platform' to enable JTA platform integration)
2026-04-23T15:45:46.800+05:30  INFO 33448 --- [pnc_insurance] [    Test worker] j.LocalContainerEntityManagerFactoryBean : Initialized JPA EntityManagerFactory for persistence unit 'default'
2026-04-23T15:45:47.077+05:30  INFO 33448 --- [pnc_insurance] [    Test worker] o.s.d.j.r.query.QueryEnhancerFactories   : Hibernate is in classpath; If applicable, HQL parser will be used.
2026-04-23T15:45:47.568+05:30  INFO 33448 --- [pnc_insurance] [    Test worker] r$InitializeUserDetailsManagerConfigurer : Global AuthenticationManager configured with UserDetailsService bean with name customUserDetailsService
2026-04-23T15:45:47.773+05:30  WARN 33448 --- [pnc_insurance] [    Test worker] JpaBaseConfiguration$JpaWebConfiguration : spring.jpa.open-in-view is enabled by default. Therefore, database queries may be performed during view rendering. Explicitly configure spring.jpa.open-in-view to disable this warning
2026-04-23T15:45:50.335+05:30  INFO 33448 --- [pnc_insurance] [    Test worker] c.e.p.PncInsuranceApplicationTests       : Started PncInsuranceApplicationTests in 18.126 seconds (process running for 25.25)
Hibernate: select count(*) from slide_environment se1_0
Hibernate: select count(*) from applications sa1_0
Hibernate: select sa1_0.id,sa1_0.description,sa1_0.name from applications sa1_0
Hibernate: select count(*) from applications sa1_0
Hibernate: select sa1_0.id,sa1_0.description,sa1_0.name from applications sa1_0
Hibernate: select count(*) from sections s1_0
Hibernate: select s1_0.id,s1_0.application_id,s1_0.name from sections s1_0
Hibernate: select sa1_0.id,sa1_0.description,sa1_0.name from applications sa1_0 where sa1_0.id=?
Hibernate: select sa1_0.id,sa1_0.description,sa1_0.name from applications sa1_0 where sa1_0.id=?
Hibernate: select s1_0.id,s1_0.application_id,s1_0.name from sections s1_0
Hibernate: select sa1_0.id,sa1_0.description,sa1_0.name from applications sa1_0 where sa1_0.id=?
Hibernate: select sa1_0.id,sa1_0.description,sa1_0.name from applications sa1_0 where sa1_0.id=?
Hibernate: select count(*) from sections s1_0
Hibernate: select s1_0.id,s1_0.application_id,s1_0.name from sections s1_0
Hibernate: select sa1_0.id,sa1_0.description,sa1_0.name from applications sa1_0 where sa1_0.id=?
Hibernate: select sa1_0.id,sa1_0.description,sa1_0.name from applications sa1_0 where sa1_0.id=?
✅ Sections updated successfully
Hibernate: select count(*) from tiles t1_0
]]></system-out>
  <system-err><![CDATA[]]></system-err>
</testsuite>
